<?xml version="1.0" encoding="UTF-8"?>
<!-- Generated by org.testng.reporters.JUnitReportReporter -->
<testsuite skipped="0" hostname="HP-New" name="com.example1.demo4.Demo4ApplicationTests" tests="1" failures="0" timestamp="14 Jun 2019 17:13:48 GMT" time="0.007" errors="0">
  <testcase name="contextLoads" time="0.007" classname="com.example1.demo4.Demo4ApplicationTests"/>
</testsuite> <!-- com.example1.demo4.Demo4ApplicationTests -->
